2023-05-01 11:27:06,453 [background-preinit] INFO  [org.hibernate.validator.internal.util.Version] Version.java:21 - HV000001: Hibernate Validator 8.0.0.Final
2023-05-01 11:27:06,552 [main] INFO  [com.lzhphantom.gateway.GatewayApplication] StartupInfoLogger.java:51 - Starting GatewayApplication using Java 18 with PID 15592 (D:\javaCode\EasyExam\lzhphantom-gateway\gateway\target\classes started by luozh in D:\javaCode\EasyExam)
2023-05-01 11:27:06,554 [main] INFO  [com.lzhphantom.gateway.GatewayApplication] SpringApplication.java:632 - No active profile set, falling back to 1 default profile: "default"
2023-05-01 11:27:06,653 [main] INFO  [c.a.cloud.nacos.configdata.NacosConfigDataLoader] DeferredLog.java:250 - [Nacos Config] Load config[dataId=lzhphantom-gateway-dev.yml, group=DEFAULT_GROUP] success
2023-05-01 11:27:06,655 [main] INFO  [c.a.cloud.nacos.configdata.NacosConfigDataLoader] DeferredLog.java:250 - [Nacos Config] Load config[dataId=lzhphantom-application-dev.yml, group=DEFAULT_GROUP] success
2023-05-01 11:27:10,055 [main] INFO  [o.s.d.r.config.RepositoryConfigurationDelegate] RepositoryConfigurationDelegate.java:291 - Multiple Spring Data modules found, entering strict repository configuration mode
2023-05-01 11:27:10,064 [main] INFO  [o.s.d.r.config.RepositoryConfigurationDelegate] RepositoryConfigurationDelegate.java:138 - Bootstrapping Spring Data Redis repositories in DEFAULT mode.
2023-05-01 11:27:10,150 [main] INFO  [o.s.d.r.config.RepositoryConfigurationDelegate] RepositoryConfigurationDelegate.java:208 - Finished Spring Data repository scanning in 39 ms. Found 0 Redis repository interfaces.
2023-05-01 11:27:10,745 [main] INFO  [o.springframework.cloud.context.scope.GenericScope] GenericScope.java:282 - BeanFactory id=f7aa44f2-58b9-33ff-a8ce-3b92245a270b
2023-05-01 11:27:10,833 [main] INFO  [c.u.j.c.EnableEncryptablePropertiesBeanFactoryPostProcessor] EnableEncryptablePropertiesBeanFactoryPostProcessor.java:44 - Post-processing PropertySource instances
2023-05-01 11:27:10,837 [main] INFO  [c.u.j.EncryptablePropertySourceConverter] EncryptablePropertySourceConverter.java:105 - Skipping PropertySource configurationProperties [class org.springframework.boot.context.properties.source.ConfigurationPropertySourcesPropertySource
2023-05-01 11:27:10,840 [main] INFO  [c.u.j.EncryptablePropertySourceConverter] EncryptablePropertySourceConverter.java:110 - Converting PropertySource gateway-properties [org.springframework.core.env.MapPropertySource] to EncryptableMapPropertySourceWrapper
2023-05-01 11:27:10,841 [main] INFO  [c.u.j.EncryptablePropertySourceConverter] EncryptablePropertySourceConverter.java:110 - Converting PropertySource systemProperties [org.springframework.core.env.PropertiesPropertySource] to EncryptableMapPropertySourceWrapper
2023-05-01 11:27:10,843 [main] INFO  [c.u.j.EncryptablePropertySourceConverter] EncryptablePropertySourceConverter.java:110 - Converting PropertySource systemEnvironment [org.springframework.boot.env.SystemEnvironmentPropertySourceEnvironmentPostProcessor$OriginAwareSystemEnvironmentPropertySource] to EncryptableSystemEnvironmentPropertySourceWrapper
2023-05-01 11:27:10,845 [main] INFO  [c.u.j.EncryptablePropertySourceConverter] EncryptablePropertySourceConverter.java:110 - Converting PropertySource random [org.springframework.boot.env.RandomValuePropertySource] to EncryptablePropertySourceWrapper
2023-05-01 11:27:10,846 [main] INFO  [c.u.j.EncryptablePropertySourceConverter] EncryptablePropertySourceConverter.java:110 - Converting PropertySource cachedrandom [org.springframework.cloud.util.random.CachedRandomPropertySource] to EncryptablePropertySourceWrapper
2023-05-01 11:27:10,846 [main] INFO  [c.u.j.EncryptablePropertySourceConverter] EncryptablePropertySourceConverter.java:110 - Converting PropertySource springCloudClientHostInfo [org.springframework.core.env.MapPropertySource] to EncryptableMapPropertySourceWrapper
2023-05-01 11:27:10,847 [main] INFO  [c.u.j.EncryptablePropertySourceConverter] EncryptablePropertySourceConverter.java:110 - Converting PropertySource DEFAULT_GROUP@lzhphantom-gateway-dev.yml [org.springframework.boot.env.OriginTrackedMapPropertySource] to EncryptableMapPropertySourceWrapper
2023-05-01 11:27:10,847 [main] INFO  [c.u.j.EncryptablePropertySourceConverter] EncryptablePropertySourceConverter.java:110 - Converting PropertySource DEFAULT_GROUP@lzhphantom-application-dev.yml [org.springframework.boot.env.OriginTrackedMapPropertySource] to EncryptableMapPropertySourceWrapper
2023-05-01 11:27:10,848 [main] INFO  [c.u.j.EncryptablePropertySourceConverter] EncryptablePropertySourceConverter.java:110 - Converting PropertySource Config resource 'class path resource [application.yml]' via location 'optional:classpath:/' [org.springframework.boot.env.OriginTrackedMapPropertySource] to EncryptableMapPropertySourceWrapper
2023-05-01 11:27:11,039 [main] INFO  [o.s.c.s.PostProcessorRegistrationDelegate$BeanPostProcessorChecker] PostProcessorRegistrationDelegate.java:409 - Bean 'org.springframework.cloud.client.loadbalancer.reactive.LoadBalancerBeanPostProcessorAutoConfiguration' of type [org.springframework.cloud.client.loadbalancer.reactive.LoadBalancerBeanPostProcessorAutoConfiguration] is not eligible for getting processed by all BeanPostProcessors (for example: not eligible for auto-proxying)
2023-05-01 11:27:11,043 [main] INFO  [o.s.c.s.PostProcessorRegistrationDelegate$BeanPostProcessorChecker] PostProcessorRegistrationDelegate.java:409 - Bean 'org.springframework.cloud.client.loadbalancer.reactive.LoadBalancerBeanPostProcessorAutoConfiguration$ReactorDeferringLoadBalancerFilterConfig' of type [org.springframework.cloud.client.loadbalancer.reactive.LoadBalancerBeanPostProcessorAutoConfiguration$ReactorDeferringLoadBalancerFilterConfig] is not eligible for getting processed by all BeanPostProcessors (for example: not eligible for auto-proxying)
2023-05-01 11:27:11,052 [main] INFO  [o.s.c.s.PostProcessorRegistrationDelegate$BeanPostProcessorChecker] PostProcessorRegistrationDelegate.java:409 - Bean 'reactorDeferringLoadBalancerExchangeFilterFunction' of type [org.springframework.cloud.client.loadbalancer.reactive.DeferringLoadBalancerExchangeFilterFunction] is not eligible for getting processed by all BeanPostProcessors (for example: not eligible for auto-proxying)
2023-05-01 11:27:13,964 [main] INFO  [c.u.j.filter.DefaultLazyPropertyFilter] DefaultLazyPropertyFilter.java:45 - Property Filter custom Bean not found with name 'encryptablePropertyFilter'. Initializing Default Property Filter
2023-05-01 11:27:13,991 [main] INFO  [c.u.j.resolver.DefaultLazyPropertyResolver] DefaultLazyPropertyResolver.java:46 - Property Resolver custom Bean not found with name 'encryptablePropertyResolver'. Initializing Default Property Resolver
2023-05-01 11:27:13,999 [main] INFO  [c.u.j.detector.DefaultLazyPropertyDetector] DefaultLazyPropertyDetector.java:44 - Property Detector custom Bean not found with name 'encryptablePropertyDetector'. Initializing Default Property Detector
2023-05-01 11:27:19,815 [main] INFO  [o.s.c.gateway.route.RouteDefinitionRouteLocator] RouteDefinitionRouteLocator.java:89 - Loaded RoutePredicateFactory [After]
2023-05-01 11:27:19,816 [main] INFO  [o.s.c.gateway.route.RouteDefinitionRouteLocator] RouteDefinitionRouteLocator.java:89 - Loaded RoutePredicateFactory [Before]
2023-05-01 11:27:19,817 [main] INFO  [o.s.c.gateway.route.RouteDefinitionRouteLocator] RouteDefinitionRouteLocator.java:89 - Loaded RoutePredicateFactory [Between]
2023-05-01 11:27:19,818 [main] INFO  [o.s.c.gateway.route.RouteDefinitionRouteLocator] RouteDefinitionRouteLocator.java:89 - Loaded RoutePredicateFactory [Cookie]
2023-05-01 11:27:19,819 [main] INFO  [o.s.c.gateway.route.RouteDefinitionRouteLocator] RouteDefinitionRouteLocator.java:89 - Loaded RoutePredicateFactory [Header]
2023-05-01 11:27:19,866 [main] INFO  [o.s.c.gateway.route.RouteDefinitionRouteLocator] RouteDefinitionRouteLocator.java:89 - Loaded RoutePredicateFactory [Host]
2023-05-01 11:27:19,880 [main] INFO  [o.s.c.gateway.route.RouteDefinitionRouteLocator] RouteDefinitionRouteLocator.java:89 - Loaded RoutePredicateFactory [Method]
2023-05-01 11:27:19,884 [main] INFO  [o.s.c.gateway.route.RouteDefinitionRouteLocator] RouteDefinitionRouteLocator.java:89 - Loaded RoutePredicateFactory [Path]
2023-05-01 11:27:19,889 [main] INFO  [o.s.c.gateway.route.RouteDefinitionRouteLocator] RouteDefinitionRouteLocator.java:89 - Loaded RoutePredicateFactory [Query]
2023-05-01 11:27:19,890 [main] INFO  [o.s.c.gateway.route.RouteDefinitionRouteLocator] RouteDefinitionRouteLocator.java:89 - Loaded RoutePredicateFactory [ReadBody]
2023-05-01 11:27:19,891 [main] INFO  [o.s.c.gateway.route.RouteDefinitionRouteLocator] RouteDefinitionRouteLocator.java:89 - Loaded RoutePredicateFactory [RemoteAddr]
2023-05-01 11:27:19,892 [main] INFO  [o.s.c.gateway.route.RouteDefinitionRouteLocator] RouteDefinitionRouteLocator.java:89 - Loaded RoutePredicateFactory [XForwardedRemoteAddr]
2023-05-01 11:27:19,893 [main] INFO  [o.s.c.gateway.route.RouteDefinitionRouteLocator] RouteDefinitionRouteLocator.java:89 - Loaded RoutePredicateFactory [Weight]
2023-05-01 11:27:19,894 [main] INFO  [o.s.c.gateway.route.RouteDefinitionRouteLocator] RouteDefinitionRouteLocator.java:89 - Loaded RoutePredicateFactory [CloudFoundryRouteService]
2023-05-01 11:27:23,336 [main] INFO  [o.s.b.actuate.endpoint.web.EndpointLinksResolver] EndpointLinksResolver.java:58 - Exposing 18 endpoint(s) beneath base path '/actuator'
2023-05-01 11:27:25,152 [main] WARN  [o.s.c.l.c.LoadBalancerCacheAutoConfiguration$LoadBalancerCaffeineWarnLogger] LoadBalancerCacheAutoConfiguration.java:94 - Spring Cloud LoadBalancer is currently working with the default cache. While this cache implementation is useful for development and tests, it's recommended to use Caffeine cache in production.You can switch to using Caffeine cache, by adding it and org.springframework.cache.caffeine.CaffeineCacheManager to the classpath.
2023-05-01 11:27:25,729 [main] INFO  [o.s.boot.web.embedded.netty.NettyWebServer] NettyWebServer.java:111 - Netty started on port 9999
2023-05-01 11:27:26,899 [main] ERROR [c.a.cloud.nacos.registry.NacosServiceRegistry] NacosServiceRegistry.java:81 - nacos registry, lzhphantom-gateway register failed...NacosRegistration{nacosDiscoveryProperties=NacosDiscoveryProperties{serverAddr='localhost:8848', username='nacos', password='nacos', endpoint='', namespace='', watchDelay=30000, logName='', service='lzhphantom-gateway', weight=1.0, clusterName='DEFAULT', group='DEFAULT_GROUP', namingLoadCacheAtStart='false', metadata={preserved.register.source=SPRING_CLOUD}, registerEnabled=true, ip='192.168.0.105', networkInterface='', port=9999, secure=false, accessKey='', secretKey='', heartBeatInterval=null, heartBeatTimeout=null, ipDeleteTimeout=null, instanceEnabled=true, ephemeral=true, failureToleranceEnabled=false}, ipDeleteTimeout=null, failFast=true}},
com.alibaba.nacos.api.exception.NacosException: Client not connected, current status:STARTING
	at com.alibaba.nacos.common.remote.client.RpcClient.request(RpcClient.java:639)
	at com.alibaba.nacos.common.remote.client.RpcClient.request(RpcClient.java:619)
	at com.alibaba.nacos.client.naming.remote.gprc.NamingGrpcClientProxy.requestToServer(NamingGrpcClientProxy.java:356)
	at com.alibaba.nacos.client.naming.remote.gprc.NamingGrpcClientProxy.doRegisterService(NamingGrpcClientProxy.java:209)
	at com.alibaba.nacos.client.naming.remote.gprc.NamingGrpcClientProxy.registerService(NamingGrpcClientProxy.java:123)
	at com.alibaba.nacos.client.naming.remote.NamingClientProxyDelegate.registerService(NamingClientProxyDelegate.java:98)
	at com.alibaba.nacos.client.naming.NacosNamingService.registerInstance(NacosNamingService.java:152)
	at com.alibaba.cloud.nacos.registry.NacosServiceRegistry.register(NacosServiceRegistry.java:75)
	at org.springframework.cloud.client.serviceregistry.AbstractAutoServiceRegistration.register(AbstractAutoServiceRegistration.java:264)
	at com.alibaba.cloud.nacos.registry.NacosAutoServiceRegistration.register(NacosAutoServiceRegistration.java:78)
	at org.springframework.cloud.client.serviceregistry.AbstractAutoServiceRegistration.start(AbstractAutoServiceRegistration.java:156)
	at org.springframework.cloud.client.serviceregistry.AbstractAutoServiceRegistration.onApplicationEvent(AbstractAutoServiceRegistration.java:119)
	at org.springframework.cloud.client.serviceregistry.AbstractAutoServiceRegistration.onApplicationEvent(AbstractAutoServiceRegistration.java:49)
	at org.springframework.context.event.SimpleApplicationEventMulticaster.doInvokeListener(SimpleApplicationEventMulticaster.java:176)
	at org.springframework.context.event.SimpleApplicationEventMulticaster.invokeListener(SimpleApplicationEventMulticaster.java:169)
	at org.springframework.context.event.SimpleApplicationEventMulticaster.multicastEvent(SimpleApplicationEventMulticaster.java:143)
	at org.springframework.context.support.AbstractApplicationContext.publishEvent(AbstractApplicationContext.java:413)
	at org.springframework.context.support.AbstractApplicationContext.publishEvent(AbstractApplicationContext.java:370)
	at org.springframework.boot.web.reactive.context.WebServerManager.start(WebServerManager.java:57)
	at org.springframework.boot.web.reactive.context.WebServerStartStopLifecycle.start(WebServerStartStopLifecycle.java:41)
	at org.springframework.context.support.DefaultLifecycleProcessor.doStart(DefaultLifecycleProcessor.java:178)
	at org.springframework.context.support.DefaultLifecycleProcessor$LifecycleGroup.start(DefaultLifecycleProcessor.java:356)
	at java.base/java.lang.Iterable.forEach(Iterable.java:75)
	at org.springframework.context.support.DefaultLifecycleProcessor.startBeans(DefaultLifecycleProcessor.java:155)
	at org.springframework.context.support.DefaultLifecycleProcessor.onRefresh(DefaultLifecycleProcessor.java:123)
	at org.springframework.context.support.AbstractApplicationContext.finishRefresh(AbstractApplicationContext.java:934)
	at org.springframework.context.support.AbstractApplicationContext.refresh(AbstractApplicationContext.java:587)
	at org.springframework.boot.web.reactive.context.ReactiveWebServerApplicationContext.refresh(ReactiveWebServerApplicationContext.java:66)
	at org.springframework.boot.SpringApplication.refresh(SpringApplication.java:732)
	at org.springframework.boot.SpringApplication.refreshContext(SpringApplication.java:434)
	at org.springframework.boot.SpringApplication.run(SpringApplication.java:310)
	at org.springframework.boot.SpringApplication.run(SpringApplication.java:1304)
	at org.springframework.boot.SpringApplication.run(SpringApplication.java:1293)
	at com.lzhphantom.gateway.GatewayApplication.main(GatewayApplication.java:12)
2023-05-01 11:27:26,918 [main] WARN  [o.s.b.w.r.c.AnnotationConfigReactiveWebServerApplicationContext] AbstractApplicationContext.java:592 - Exception encountered during context initialization - cancelling refresh attempt: org.springframework.context.ApplicationContextException: Failed to start bean 'webServerStartStop'
2023-05-01 11:27:29,576 [main] INFO  [o.s.b.a.logging.ConditionEvaluationReportLogger] ConditionEvaluationReportLogger.java:82 - 

Error starting ApplicationContext. To display the condition evaluation report re-run your application with 'debug' enabled.
2023-05-01 11:27:29,787 [main] ERROR [org.springframework.boot.SpringApplication] SpringApplication.java:822 - Application run failed
org.springframework.context.ApplicationContextException: Failed to start bean 'webServerStartStop'
	at org.springframework.context.support.DefaultLifecycleProcessor.doStart(DefaultLifecycleProcessor.java:181)
	at org.springframework.context.support.DefaultLifecycleProcessor$LifecycleGroup.start(DefaultLifecycleProcessor.java:356)
	at java.base/java.lang.Iterable.forEach(Iterable.java:75)
	at org.springframework.context.support.DefaultLifecycleProcessor.startBeans(DefaultLifecycleProcessor.java:155)
	at org.springframework.context.support.DefaultLifecycleProcessor.onRefresh(DefaultLifecycleProcessor.java:123)
	at org.springframework.context.support.AbstractApplicationContext.finishRefresh(AbstractApplicationContext.java:934)
	at org.springframework.context.support.AbstractApplicationContext.refresh(AbstractApplicationContext.java:587)
	at org.springframework.boot.web.reactive.context.ReactiveWebServerApplicationContext.refresh(ReactiveWebServerApplicationContext.java:66)
	at org.springframework.boot.SpringApplication.refresh(SpringApplication.java:732)
	at org.springframework.boot.SpringApplication.refreshContext(SpringApplication.java:434)
	at org.springframework.boot.SpringApplication.run(SpringApplication.java:310)
	at org.springframework.boot.SpringApplication.run(SpringApplication.java:1304)
	at org.springframework.boot.SpringApplication.run(SpringApplication.java:1293)
	at com.lzhphantom.gateway.GatewayApplication.main(GatewayApplication.java:12)
Caused by: java.lang.reflect.UndeclaredThrowableException: null
	at org.springframework.util.ReflectionUtils.rethrowRuntimeException(ReflectionUtils.java:147)
	at com.alibaba.cloud.nacos.registry.NacosServiceRegistry.register(NacosServiceRegistry.java:83)
	at org.springframework.cloud.client.serviceregistry.AbstractAutoServiceRegistration.register(AbstractAutoServiceRegistration.java:264)
	at com.alibaba.cloud.nacos.registry.NacosAutoServiceRegistration.register(NacosAutoServiceRegistration.java:78)
	at org.springframework.cloud.client.serviceregistry.AbstractAutoServiceRegistration.start(AbstractAutoServiceRegistration.java:156)
	at org.springframework.cloud.client.serviceregistry.AbstractAutoServiceRegistration.onApplicationEvent(AbstractAutoServiceRegistration.java:119)
	at org.springframework.cloud.client.serviceregistry.AbstractAutoServiceRegistration.onApplicationEvent(AbstractAutoServiceRegistration.java:49)
	at org.springframework.context.event.SimpleApplicationEventMulticaster.doInvokeListener(SimpleApplicationEventMulticaster.java:176)
	at org.springframework.context.event.SimpleApplicationEventMulticaster.invokeListener(SimpleApplicationEventMulticaster.java:169)
	at org.springframework.context.event.SimpleApplicationEventMulticaster.multicastEvent(SimpleApplicationEventMulticaster.java:143)
	at org.springframework.context.support.AbstractApplicationContext.publishEvent(AbstractApplicationContext.java:413)
	at org.springframework.context.support.AbstractApplicationContext.publishEvent(AbstractApplicationContext.java:370)
	at org.springframework.boot.web.reactive.context.WebServerManager.start(WebServerManager.java:57)
	at org.springframework.boot.web.reactive.context.WebServerStartStopLifecycle.start(WebServerStartStopLifecycle.java:41)
	at org.springframework.context.support.DefaultLifecycleProcessor.doStart(DefaultLifecycleProcessor.java:178)
	... 13 common frames omitted
Caused by: com.alibaba.nacos.api.exception.NacosException: Client not connected, current status:STARTING
	at com.alibaba.nacos.common.remote.client.RpcClient.request(RpcClient.java:639)
	at com.alibaba.nacos.common.remote.client.RpcClient.request(RpcClient.java:619)
	at com.alibaba.nacos.client.naming.remote.gprc.NamingGrpcClientProxy.requestToServer(NamingGrpcClientProxy.java:356)
	at com.alibaba.nacos.client.naming.remote.gprc.NamingGrpcClientProxy.doRegisterService(NamingGrpcClientProxy.java:209)
	at com.alibaba.nacos.client.naming.remote.gprc.NamingGrpcClientProxy.registerService(NamingGrpcClientProxy.java:123)
	at com.alibaba.nacos.client.naming.remote.NamingClientProxyDelegate.registerService(NamingClientProxyDelegate.java:98)
	at com.alibaba.nacos.client.naming.NacosNamingService.registerInstance(NacosNamingService.java:152)
	at com.alibaba.cloud.nacos.registry.NacosServiceRegistry.register(NacosServiceRegistry.java:75)
	... 26 common frames omitted
2023-05-01 11:27:54,571 [background-preinit] INFO  [org.hibernate.validator.internal.util.Version] Version.java:21 - HV000001: Hibernate Validator 8.0.0.Final
2023-05-01 11:27:54,649 [main] INFO  [com.lzhphantom.gateway.GatewayApplication] StartupInfoLogger.java:51 - Starting GatewayApplication using Java 18 with PID 14120 (D:\javaCode\EasyExam\lzhphantom-gateway\gateway\target\classes started by luozh in D:\javaCode\EasyExam)
2023-05-01 11:27:54,652 [main] INFO  [com.lzhphantom.gateway.GatewayApplication] SpringApplication.java:632 - No active profile set, falling back to 1 default profile: "default"
2023-05-01 11:27:54,821 [main] INFO  [c.a.cloud.nacos.configdata.NacosConfigDataLoader] DeferredLog.java:250 - [Nacos Config] Load config[dataId=lzhphantom-gateway-dev.yml, group=DEFAULT_GROUP] success
2023-05-01 11:27:54,823 [main] INFO  [c.a.cloud.nacos.configdata.NacosConfigDataLoader] DeferredLog.java:250 - [Nacos Config] Load config[dataId=lzhphantom-application-dev.yml, group=DEFAULT_GROUP] success
2023-05-01 11:27:58,240 [main] INFO  [o.s.d.r.config.RepositoryConfigurationDelegate] RepositoryConfigurationDelegate.java:291 - Multiple Spring Data modules found, entering strict repository configuration mode
2023-05-01 11:27:58,246 [main] INFO  [o.s.d.r.config.RepositoryConfigurationDelegate] RepositoryConfigurationDelegate.java:138 - Bootstrapping Spring Data Redis repositories in DEFAULT mode.
2023-05-01 11:27:58,322 [main] INFO  [o.s.d.r.config.RepositoryConfigurationDelegate] RepositoryConfigurationDelegate.java:208 - Finished Spring Data repository scanning in 38 ms. Found 0 Redis repository interfaces.
2023-05-01 11:27:58,828 [main] INFO  [o.springframework.cloud.context.scope.GenericScope] GenericScope.java:282 - BeanFactory id=f7aa44f2-58b9-33ff-a8ce-3b92245a270b
2023-05-01 11:27:58,930 [main] INFO  [c.u.j.c.EnableEncryptablePropertiesBeanFactoryPostProcessor] EnableEncryptablePropertiesBeanFactoryPostProcessor.java:44 - Post-processing PropertySource instances
2023-05-01 11:27:58,931 [main] INFO  [c.u.j.EncryptablePropertySourceConverter] EncryptablePropertySourceConverter.java:105 - Skipping PropertySource configurationProperties [class org.springframework.boot.context.properties.source.ConfigurationPropertySourcesPropertySource
2023-05-01 11:27:58,937 [main] INFO  [c.u.j.EncryptablePropertySourceConverter] EncryptablePropertySourceConverter.java:110 - Converting PropertySource gateway-properties [org.springframework.core.env.MapPropertySource] to EncryptableMapPropertySourceWrapper
2023-05-01 11:27:58,939 [main] INFO  [c.u.j.EncryptablePropertySourceConverter] EncryptablePropertySourceConverter.java:110 - Converting PropertySource systemProperties [org.springframework.core.env.PropertiesPropertySource] to EncryptableMapPropertySourceWrapper
2023-05-01 11:27:58,944 [main] INFO  [c.u.j.EncryptablePropertySourceConverter] EncryptablePropertySourceConverter.java:110 - Converting PropertySource systemEnvironment [org.springframework.boot.env.SystemEnvironmentPropertySourceEnvironmentPostProcessor$OriginAwareSystemEnvironmentPropertySource] to EncryptableSystemEnvironmentPropertySourceWrapper
2023-05-01 11:27:58,945 [main] INFO  [c.u.j.EncryptablePropertySourceConverter] EncryptablePropertySourceConverter.java:110 - Converting PropertySource random [org.springframework.boot.env.RandomValuePropertySource] to EncryptablePropertySourceWrapper
2023-05-01 11:27:58,946 [main] INFO  [c.u.j.EncryptablePropertySourceConverter] EncryptablePropertySourceConverter.java:110 - Converting PropertySource cachedrandom [org.springframework.cloud.util.random.CachedRandomPropertySource] to EncryptablePropertySourceWrapper
2023-05-01 11:27:58,947 [main] INFO  [c.u.j.EncryptablePropertySourceConverter] EncryptablePropertySourceConverter.java:110 - Converting PropertySource springCloudClientHostInfo [org.springframework.core.env.MapPropertySource] to EncryptableMapPropertySourceWrapper
2023-05-01 11:27:58,947 [main] INFO  [c.u.j.EncryptablePropertySourceConverter] EncryptablePropertySourceConverter.java:110 - Converting PropertySource DEFAULT_GROUP@lzhphantom-gateway-dev.yml [org.springframework.boot.env.OriginTrackedMapPropertySource] to EncryptableMapPropertySourceWrapper
2023-05-01 11:27:58,948 [main] INFO  [c.u.j.EncryptablePropertySourceConverter] EncryptablePropertySourceConverter.java:110 - Converting PropertySource DEFAULT_GROUP@lzhphantom-application-dev.yml [org.springframework.boot.env.OriginTrackedMapPropertySource] to EncryptableMapPropertySourceWrapper
2023-05-01 11:27:58,948 [main] INFO  [c.u.j.EncryptablePropertySourceConverter] EncryptablePropertySourceConverter.java:110 - Converting PropertySource Config resource 'class path resource [application.yml]' via location 'optional:classpath:/' [org.springframework.boot.env.OriginTrackedMapPropertySource] to EncryptableMapPropertySourceWrapper
2023-05-01 11:27:59,104 [main] INFO  [o.s.c.s.PostProcessorRegistrationDelegate$BeanPostProcessorChecker] PostProcessorRegistrationDelegate.java:409 - Bean 'org.springframework.cloud.client.loadbalancer.reactive.LoadBalancerBeanPostProcessorAutoConfiguration' of type [org.springframework.cloud.client.loadbalancer.reactive.LoadBalancerBeanPostProcessorAutoConfiguration] is not eligible for getting processed by all BeanPostProcessors (for example: not eligible for auto-proxying)
2023-05-01 11:27:59,108 [main] INFO  [o.s.c.s.PostProcessorRegistrationDelegate$BeanPostProcessorChecker] PostProcessorRegistrationDelegate.java:409 - Bean 'org.springframework.cloud.client.loadbalancer.reactive.LoadBalancerBeanPostProcessorAutoConfiguration$ReactorDeferringLoadBalancerFilterConfig' of type [org.springframework.cloud.client.loadbalancer.reactive.LoadBalancerBeanPostProcessorAutoConfiguration$ReactorDeferringLoadBalancerFilterConfig] is not eligible for getting processed by all BeanPostProcessors (for example: not eligible for auto-proxying)
2023-05-01 11:27:59,113 [main] INFO  [o.s.c.s.PostProcessorRegistrationDelegate$BeanPostProcessorChecker] PostProcessorRegistrationDelegate.java:409 - Bean 'reactorDeferringLoadBalancerExchangeFilterFunction' of type [org.springframework.cloud.client.loadbalancer.reactive.DeferringLoadBalancerExchangeFilterFunction] is not eligible for getting processed by all BeanPostProcessors (for example: not eligible for auto-proxying)
2023-05-01 11:28:00,837 [main] INFO  [c.u.j.filter.DefaultLazyPropertyFilter] DefaultLazyPropertyFilter.java:45 - Property Filter custom Bean not found with name 'encryptablePropertyFilter'. Initializing Default Property Filter
2023-05-01 11:28:00,941 [main] INFO  [c.u.j.resolver.DefaultLazyPropertyResolver] DefaultLazyPropertyResolver.java:46 - Property Resolver custom Bean not found with name 'encryptablePropertyResolver'. Initializing Default Property Resolver
2023-05-01 11:28:00,950 [main] INFO  [c.u.j.detector.DefaultLazyPropertyDetector] DefaultLazyPropertyDetector.java:44 - Property Detector custom Bean not found with name 'encryptablePropertyDetector'. Initializing Default Property Detector
2023-05-01 11:28:03,441 [main] INFO  [o.s.c.gateway.route.RouteDefinitionRouteLocator] RouteDefinitionRouteLocator.java:89 - Loaded RoutePredicateFactory [After]
2023-05-01 11:28:03,442 [main] INFO  [o.s.c.gateway.route.RouteDefinitionRouteLocator] RouteDefinitionRouteLocator.java:89 - Loaded RoutePredicateFactory [Before]
2023-05-01 11:28:03,443 [main] INFO  [o.s.c.gateway.route.RouteDefinitionRouteLocator] RouteDefinitionRouteLocator.java:89 - Loaded RoutePredicateFactory [Between]
2023-05-01 11:28:03,443 [main] INFO  [o.s.c.gateway.route.RouteDefinitionRouteLocator] RouteDefinitionRouteLocator.java:89 - Loaded RoutePredicateFactory [Cookie]
2023-05-01 11:28:03,444 [main] INFO  [o.s.c.gateway.route.RouteDefinitionRouteLocator] RouteDefinitionRouteLocator.java:89 - Loaded RoutePredicateFactory [Header]
2023-05-01 11:28:03,445 [main] INFO  [o.s.c.gateway.route.RouteDefinitionRouteLocator] RouteDefinitionRouteLocator.java:89 - Loaded RoutePredicateFactory [Host]
2023-05-01 11:28:03,445 [main] INFO  [o.s.c.gateway.route.RouteDefinitionRouteLocator] RouteDefinitionRouteLocator.java:89 - Loaded RoutePredicateFactory [Method]
2023-05-01 11:28:03,445 [main] INFO  [o.s.c.gateway.route.RouteDefinitionRouteLocator] RouteDefinitionRouteLocator.java:89 - Loaded RoutePredicateFactory [Path]
2023-05-01 11:28:03,446 [main] INFO  [o.s.c.gateway.route.RouteDefinitionRouteLocator] RouteDefinitionRouteLocator.java:89 - Loaded RoutePredicateFactory [Query]
2023-05-01 11:28:03,446 [main] INFO  [o.s.c.gateway.route.RouteDefinitionRouteLocator] RouteDefinitionRouteLocator.java:89 - Loaded RoutePredicateFactory [ReadBody]
2023-05-01 11:28:03,446 [main] INFO  [o.s.c.gateway.route.RouteDefinitionRouteLocator] RouteDefinitionRouteLocator.java:89 - Loaded RoutePredicateFactory [RemoteAddr]
2023-05-01 11:28:03,447 [main] INFO  [o.s.c.gateway.route.RouteDefinitionRouteLocator] RouteDefinitionRouteLocator.java:89 - Loaded RoutePredicateFactory [XForwardedRemoteAddr]
2023-05-01 11:28:03,447 [main] INFO  [o.s.c.gateway.route.RouteDefinitionRouteLocator] RouteDefinitionRouteLocator.java:89 - Loaded RoutePredicateFactory [Weight]
2023-05-01 11:28:03,448 [main] INFO  [o.s.c.gateway.route.RouteDefinitionRouteLocator] RouteDefinitionRouteLocator.java:89 - Loaded RoutePredicateFactory [CloudFoundryRouteService]
2023-05-01 11:28:05,388 [main] INFO  [o.s.b.actuate.endpoint.web.EndpointLinksResolver] EndpointLinksResolver.java:58 - Exposing 18 endpoint(s) beneath base path '/actuator'
2023-05-01 11:28:06,255 [main] WARN  [o.s.c.l.c.LoadBalancerCacheAutoConfiguration$LoadBalancerCaffeineWarnLogger] LoadBalancerCacheAutoConfiguration.java:94 - Spring Cloud LoadBalancer is currently working with the default cache. While this cache implementation is useful for development and tests, it's recommended to use Caffeine cache in production.You can switch to using Caffeine cache, by adding it and org.springframework.cache.caffeine.CaffeineCacheManager to the classpath.
2023-05-01 11:28:06,670 [main] INFO  [o.s.boot.web.embedded.netty.NettyWebServer] NettyWebServer.java:111 - Netty started on port 9999
2023-05-01 11:28:07,577 [main] ERROR [c.a.cloud.nacos.registry.NacosServiceRegistry] NacosServiceRegistry.java:81 - nacos registry, lzhphantom-gateway register failed...NacosRegistration{nacosDiscoveryProperties=NacosDiscoveryProperties{serverAddr='localhost:8848', username='nacos', password='nacos', endpoint='', namespace='', watchDelay=30000, logName='', service='lzhphantom-gateway', weight=1.0, clusterName='DEFAULT', group='DEFAULT_GROUP', namingLoadCacheAtStart='false', metadata={preserved.register.source=SPRING_CLOUD}, registerEnabled=true, ip='192.168.0.105', networkInterface='', port=9999, secure=false, accessKey='', secretKey='', heartBeatInterval=null, heartBeatTimeout=null, ipDeleteTimeout=null, instanceEnabled=true, ephemeral=true, failureToleranceEnabled=false}, ipDeleteTimeout=null, failFast=true}},
com.alibaba.nacos.api.exception.NacosException: Client not connected, current status:STARTING
	at com.alibaba.nacos.common.remote.client.RpcClient.request(RpcClient.java:639)
	at com.alibaba.nacos.common.remote.client.RpcClient.request(RpcClient.java:619)
	at com.alibaba.nacos.client.naming.remote.gprc.NamingGrpcClientProxy.requestToServer(NamingGrpcClientProxy.java:356)
	at com.alibaba.nacos.client.naming.remote.gprc.NamingGrpcClientProxy.doRegisterService(NamingGrpcClientProxy.java:209)
	at com.alibaba.nacos.client.naming.remote.gprc.NamingGrpcClientProxy.registerService(NamingGrpcClientProxy.java:123)
	at com.alibaba.nacos.client.naming.remote.NamingClientProxyDelegate.registerService(NamingClientProxyDelegate.java:98)
	at com.alibaba.nacos.client.naming.NacosNamingService.registerInstance(NacosNamingService.java:152)
	at com.alibaba.cloud.nacos.registry.NacosServiceRegistry.register(NacosServiceRegistry.java:75)
	at org.springframework.cloud.client.serviceregistry.AbstractAutoServiceRegistration.register(AbstractAutoServiceRegistration.java:264)
	at com.alibaba.cloud.nacos.registry.NacosAutoServiceRegistration.register(NacosAutoServiceRegistration.java:78)
	at org.springframework.cloud.client.serviceregistry.AbstractAutoServiceRegistration.start(AbstractAutoServiceRegistration.java:156)
	at org.springframework.cloud.client.serviceregistry.AbstractAutoServiceRegistration.onApplicationEvent(AbstractAutoServiceRegistration.java:119)
	at org.springframework.cloud.client.serviceregistry.AbstractAutoServiceRegistration.onApplicationEvent(AbstractAutoServiceRegistration.java:49)
	at org.springframework.context.event.SimpleApplicationEventMulticaster.doInvokeListener(SimpleApplicationEventMulticaster.java:176)
	at org.springframework.context.event.SimpleApplicationEventMulticaster.invokeListener(SimpleApplicationEventMulticaster.java:169)
	at org.springframework.context.event.SimpleApplicationEventMulticaster.multicastEvent(SimpleApplicationEventMulticaster.java:143)
	at org.springframework.context.support.AbstractApplicationContext.publishEvent(AbstractApplicationContext.java:413)
	at org.springframework.context.support.AbstractApplicationContext.publishEvent(AbstractApplicationContext.java:370)
	at org.springframework.boot.web.reactive.context.WebServerManager.start(WebServerManager.java:57)
	at org.springframework.boot.web.reactive.context.WebServerStartStopLifecycle.start(WebServerStartStopLifecycle.java:41)
	at org.springframework.context.support.DefaultLifecycleProcessor.doStart(DefaultLifecycleProcessor.java:178)
	at org.springframework.context.support.DefaultLifecycleProcessor$LifecycleGroup.start(DefaultLifecycleProcessor.java:356)
	at java.base/java.lang.Iterable.forEach(Iterable.java:75)
	at org.springframework.context.support.DefaultLifecycleProcessor.startBeans(DefaultLifecycleProcessor.java:155)
	at org.springframework.context.support.DefaultLifecycleProcessor.onRefresh(DefaultLifecycleProcessor.java:123)
	at org.springframework.context.support.AbstractApplicationContext.finishRefresh(AbstractApplicationContext.java:934)
	at org.springframework.context.support.AbstractApplicationContext.refresh(AbstractApplicationContext.java:587)
	at org.springframework.boot.web.reactive.context.ReactiveWebServerApplicationContext.refresh(ReactiveWebServerApplicationContext.java:66)
	at org.springframework.boot.SpringApplication.refresh(SpringApplication.java:732)
	at org.springframework.boot.SpringApplication.refreshContext(SpringApplication.java:434)
	at org.springframework.boot.SpringApplication.run(SpringApplication.java:310)
	at org.springframework.boot.SpringApplication.run(SpringApplication.java:1304)
	at org.springframework.boot.SpringApplication.run(SpringApplication.java:1293)
	at com.lzhphantom.gateway.GatewayApplication.main(GatewayApplication.java:12)
2023-05-01 11:28:07,583 [main] WARN  [o.s.b.w.r.c.AnnotationConfigReactiveWebServerApplicationContext] AbstractApplicationContext.java:592 - Exception encountered during context initialization - cancelling refresh attempt: org.springframework.context.ApplicationContextException: Failed to start bean 'webServerStartStop'
2023-05-01 11:28:32,239 [background-preinit] INFO  [org.hibernate.validator.internal.util.Version] Version.java:21 - HV000001: Hibernate Validator 8.0.0.Final
2023-05-01 11:28:32,364 [main] INFO  [com.lzhphantom.gateway.GatewayApplication] StartupInfoLogger.java:51 - Starting GatewayApplication using Java 18 with PID 16308 (D:\javaCode\EasyExam\lzhphantom-gateway\gateway\target\classes started by luozh in D:\javaCode\EasyExam)
2023-05-01 11:28:32,367 [main] INFO  [com.lzhphantom.gateway.GatewayApplication] SpringApplication.java:632 - No active profile set, falling back to 1 default profile: "default"
2023-05-01 11:28:32,483 [main] INFO  [c.a.cloud.nacos.configdata.NacosConfigDataLoader] DeferredLog.java:250 - [Nacos Config] Load config[dataId=lzhphantom-gateway-dev.yml, group=DEFAULT_GROUP] success
2023-05-01 11:28:32,484 [main] INFO  [c.a.cloud.nacos.configdata.NacosConfigDataLoader] DeferredLog.java:250 - [Nacos Config] Load config[dataId=lzhphantom-application-dev.yml, group=DEFAULT_GROUP] success
2023-05-01 11:28:35,386 [main] INFO  [o.s.d.r.config.RepositoryConfigurationDelegate] RepositoryConfigurationDelegate.java:291 - Multiple Spring Data modules found, entering strict repository configuration mode
2023-05-01 11:28:35,394 [main] INFO  [o.s.d.r.config.RepositoryConfigurationDelegate] RepositoryConfigurationDelegate.java:138 - Bootstrapping Spring Data Redis repositories in DEFAULT mode.
2023-05-01 11:28:35,473 [main] INFO  [o.s.d.r.config.RepositoryConfigurationDelegate] RepositoryConfigurationDelegate.java:208 - Finished Spring Data repository scanning in 40 ms. Found 0 Redis repository interfaces.
2023-05-01 11:28:36,185 [main] INFO  [o.springframework.cloud.context.scope.GenericScope] GenericScope.java:282 - BeanFactory id=f7aa44f2-58b9-33ff-a8ce-3b92245a270b
2023-05-01 11:28:36,427 [main] INFO  [c.u.j.c.EnableEncryptablePropertiesBeanFactoryPostProcessor] EnableEncryptablePropertiesBeanFactoryPostProcessor.java:44 - Post-processing PropertySource instances
2023-05-01 11:28:36,432 [main] INFO  [c.u.j.EncryptablePropertySourceConverter] EncryptablePropertySourceConverter.java:105 - Skipping PropertySource configurationProperties [class org.springframework.boot.context.properties.source.ConfigurationPropertySourcesPropertySource
2023-05-01 11:28:36,437 [main] INFO  [c.u.j.EncryptablePropertySourceConverter] EncryptablePropertySourceConverter.java:110 - Converting PropertySource gateway-properties [org.springframework.core.env.MapPropertySource] to EncryptableMapPropertySourceWrapper
2023-05-01 11:28:36,438 [main] INFO  [c.u.j.EncryptablePropertySourceConverter] EncryptablePropertySourceConverter.java:110 - Converting PropertySource systemProperties [org.springframework.core.env.PropertiesPropertySource] to EncryptableMapPropertySourceWrapper
2023-05-01 11:28:36,441 [main] INFO  [c.u.j.EncryptablePropertySourceConverter] EncryptablePropertySourceConverter.java:110 - Converting PropertySource systemEnvironment [org.springframework.boot.env.SystemEnvironmentPropertySourceEnvironmentPostProcessor$OriginAwareSystemEnvironmentPropertySource] to EncryptableSystemEnvironmentPropertySourceWrapper
2023-05-01 11:28:36,443 [main] INFO  [c.u.j.EncryptablePropertySourceConverter] EncryptablePropertySourceConverter.java:110 - Converting PropertySource random [org.springframework.boot.env.RandomValuePropertySource] to EncryptablePropertySourceWrapper
2023-05-01 11:28:36,445 [main] INFO  [c.u.j.EncryptablePropertySourceConverter] EncryptablePropertySourceConverter.java:110 - Converting PropertySource cachedrandom [org.springframework.cloud.util.random.CachedRandomPropertySource] to EncryptablePropertySourceWrapper
2023-05-01 11:28:36,453 [main] INFO  [c.u.j.EncryptablePropertySourceConverter] EncryptablePropertySourceConverter.java:110 - Converting PropertySource springCloudClientHostInfo [org.springframework.core.env.MapPropertySource] to EncryptableMapPropertySourceWrapper
2023-05-01 11:28:36,455 [main] INFO  [c.u.j.EncryptablePropertySourceConverter] EncryptablePropertySourceConverter.java:110 - Converting PropertySource DEFAULT_GROUP@lzhphantom-gateway-dev.yml [org.springframework.boot.env.OriginTrackedMapPropertySource] to EncryptableMapPropertySourceWrapper
2023-05-01 11:28:36,457 [main] INFO  [c.u.j.EncryptablePropertySourceConverter] EncryptablePropertySourceConverter.java:110 - Converting PropertySource DEFAULT_GROUP@lzhphantom-application-dev.yml [org.springframework.boot.env.OriginTrackedMapPropertySource] to EncryptableMapPropertySourceWrapper
2023-05-01 11:28:36,460 [main] INFO  [c.u.j.EncryptablePropertySourceConverter] EncryptablePropertySourceConverter.java:110 - Converting PropertySource Config resource 'class path resource [application.yml]' via location 'optional:classpath:/' [org.springframework.boot.env.OriginTrackedMapPropertySource] to EncryptableMapPropertySourceWrapper
2023-05-01 11:28:36,895 [main] INFO  [o.s.c.s.PostProcessorRegistrationDelegate$BeanPostProcessorChecker] PostProcessorRegistrationDelegate.java:409 - Bean 'org.springframework.cloud.client.loadbalancer.reactive.LoadBalancerBeanPostProcessorAutoConfiguration' of type [org.springframework.cloud.client.loadbalancer.reactive.LoadBalancerBeanPostProcessorAutoConfiguration] is not eligible for getting processed by all BeanPostProcessors (for example: not eligible for auto-proxying)
2023-05-01 11:28:36,899 [main] INFO  [o.s.c.s.PostProcessorRegistrationDelegate$BeanPostProcessorChecker] PostProcessorRegistrationDelegate.java:409 - Bean 'org.springframework.cloud.client.loadbalancer.reactive.LoadBalancerBeanPostProcessorAutoConfiguration$ReactorDeferringLoadBalancerFilterConfig' of type [org.springframework.cloud.client.loadbalancer.reactive.LoadBalancerBeanPostProcessorAutoConfiguration$ReactorDeferringLoadBalancerFilterConfig] is not eligible for getting processed by all BeanPostProcessors (for example: not eligible for auto-proxying)
2023-05-01 11:28:36,903 [main] INFO  [o.s.c.s.PostProcessorRegistrationDelegate$BeanPostProcessorChecker] PostProcessorRegistrationDelegate.java:409 - Bean 'reactorDeferringLoadBalancerExchangeFilterFunction' of type [org.springframework.cloud.client.loadbalancer.reactive.DeferringLoadBalancerExchangeFilterFunction] is not eligible for getting processed by all BeanPostProcessors (for example: not eligible for auto-proxying)
2023-05-01 11:28:38,534 [main] INFO  [c.u.j.filter.DefaultLazyPropertyFilter] DefaultLazyPropertyFilter.java:45 - Property Filter custom Bean not found with name 'encryptablePropertyFilter'. Initializing Default Property Filter
2023-05-01 11:28:38,558 [main] INFO  [c.u.j.resolver.DefaultLazyPropertyResolver] DefaultLazyPropertyResolver.java:46 - Property Resolver custom Bean not found with name 'encryptablePropertyResolver'. Initializing Default Property Resolver
2023-05-01 11:28:38,563 [main] INFO  [c.u.j.detector.DefaultLazyPropertyDetector] DefaultLazyPropertyDetector.java:44 - Property Detector custom Bean not found with name 'encryptablePropertyDetector'. Initializing Default Property Detector
2023-05-01 11:28:40,232 [main] INFO  [o.s.c.gateway.route.RouteDefinitionRouteLocator] RouteDefinitionRouteLocator.java:89 - Loaded RoutePredicateFactory [After]
2023-05-01 11:28:40,233 [main] INFO  [o.s.c.gateway.route.RouteDefinitionRouteLocator] RouteDefinitionRouteLocator.java:89 - Loaded RoutePredicateFactory [Before]
2023-05-01 11:28:40,233 [main] INFO  [o.s.c.gateway.route.RouteDefinitionRouteLocator] RouteDefinitionRouteLocator.java:89 - Loaded RoutePredicateFactory [Between]
2023-05-01 11:28:40,233 [main] INFO  [o.s.c.gateway.route.RouteDefinitionRouteLocator] RouteDefinitionRouteLocator.java:89 - Loaded RoutePredicateFactory [Cookie]
2023-05-01 11:28:40,234 [main] INFO  [o.s.c.gateway.route.RouteDefinitionRouteLocator] RouteDefinitionRouteLocator.java:89 - Loaded RoutePredicateFactory [Header]
2023-05-01 11:28:40,235 [main] INFO  [o.s.c.gateway.route.RouteDefinitionRouteLocator] RouteDefinitionRouteLocator.java:89 - Loaded RoutePredicateFactory [Host]
2023-05-01 11:28:40,235 [main] INFO  [o.s.c.gateway.route.RouteDefinitionRouteLocator] RouteDefinitionRouteLocator.java:89 - Loaded RoutePredicateFactory [Method]
2023-05-01 11:28:40,236 [main] INFO  [o.s.c.gateway.route.RouteDefinitionRouteLocator] RouteDefinitionRouteLocator.java:89 - Loaded RoutePredicateFactory [Path]
2023-05-01 11:28:40,236 [main] INFO  [o.s.c.gateway.route.RouteDefinitionRouteLocator] RouteDefinitionRouteLocator.java:89 - Loaded RoutePredicateFactory [Query]
2023-05-01 11:28:40,237 [main] INFO  [o.s.c.gateway.route.RouteDefinitionRouteLocator] RouteDefinitionRouteLocator.java:89 - Loaded RoutePredicateFactory [ReadBody]
2023-05-01 11:28:40,237 [main] INFO  [o.s.c.gateway.route.RouteDefinitionRouteLocator] RouteDefinitionRouteLocator.java:89 - Loaded RoutePredicateFactory [RemoteAddr]
2023-05-01 11:28:40,237 [main] INFO  [o.s.c.gateway.route.RouteDefinitionRouteLocator] RouteDefinitionRouteLocator.java:89 - Loaded RoutePredicateFactory [XForwardedRemoteAddr]
2023-05-01 11:28:40,237 [main] INFO  [o.s.c.gateway.route.RouteDefinitionRouteLocator] RouteDefinitionRouteLocator.java:89 - Loaded RoutePredicateFactory [Weight]
2023-05-01 11:28:40,238 [main] INFO  [o.s.c.gateway.route.RouteDefinitionRouteLocator] RouteDefinitionRouteLocator.java:89 - Loaded RoutePredicateFactory [CloudFoundryRouteService]
2023-05-01 11:28:42,014 [main] INFO  [o.s.b.actuate.endpoint.web.EndpointLinksResolver] EndpointLinksResolver.java:58 - Exposing 18 endpoint(s) beneath base path '/actuator'
2023-05-01 11:28:42,966 [main] WARN  [o.s.c.l.c.LoadBalancerCacheAutoConfiguration$LoadBalancerCaffeineWarnLogger] LoadBalancerCacheAutoConfiguration.java:94 - Spring Cloud LoadBalancer is currently working with the default cache. While this cache implementation is useful for development and tests, it's recommended to use Caffeine cache in production.You can switch to using Caffeine cache, by adding it and org.springframework.cache.caffeine.CaffeineCacheManager to the classpath.
2023-05-01 11:28:43,375 [main] INFO  [o.s.boot.web.embedded.netty.NettyWebServer] NettyWebServer.java:111 - Netty started on port 9999
2023-05-01 11:28:44,130 [main] INFO  [c.a.cloud.nacos.registry.NacosServiceRegistry] NacosServiceRegistry.java:76 - nacos registry, DEFAULT_GROUP lzhphantom-gateway 192.168.0.105:9999 register finished
2023-05-01 11:28:44,282 [main] INFO  [com.lzhphantom.gateway.GatewayApplication] StartupInfoLogger.java:57 - Started GatewayApplication in 19.156 seconds (process running for 22.885)
2023-05-01 11:28:44,312 [main] INFO  [c.a.cloud.nacos.refresh.NacosContextRefresher] NacosContextRefresher.java:129 - [Nacos Config] Listening config: dataId=lzhphantom-application-dev.yml, group=DEFAULT_GROUP
2023-05-01 11:28:44,314 [main] INFO  [c.a.cloud.nacos.refresh.NacosContextRefresher] NacosContextRefresher.java:129 - [Nacos Config] Listening config: dataId=lzhphantom-gateway-dev.yml, group=DEFAULT_GROUP
2023-05-01 11:30:37,480 [boundedElastic-1] WARN  [o.s.cloud.loadbalancer.core.RoundRobinLoadBalancer] RoundRobinLoadBalancer.java:98 - No servers available for service: lzhphantom-auth
2023-05-01 11:30:37,509 [boundedElastic-1] WARN  [c.l.gateway.handler.GlobalExceptionHandler] GlobalExceptionHandler.java:45 - Error Spring Cloud Gateway : /auth/oauth2/token 503 SERVICE_UNAVAILABLE "Unable to find instance for lzhphantom-auth"
2023-05-01 11:58:17,874 [SpringApplicationShutdownHook] INFO  [c.a.cloud.nacos.registry.NacosServiceRegistry] NacosServiceRegistry.java:95 - De-registering from Nacos Server now...
2023-05-01 11:58:17,957 [SpringApplicationShutdownHook] INFO  [c.a.cloud.nacos.registry.NacosServiceRegistry] NacosServiceRegistry.java:115 - De-registration finished.
2023-05-01 11:58:40,419 [background-preinit] INFO  [org.hibernate.validator.internal.util.Version] Version.java:21 - HV000001: Hibernate Validator 8.0.0.Final
2023-05-01 11:58:40,521 [main] INFO  [com.lzhphantom.gateway.GatewayApplication] StartupInfoLogger.java:51 - Starting GatewayApplication using Java 18 with PID 18640 (D:\javaCode\EasyExam\lzhphantom-gateway\gateway\target\classes started by luozh in D:\javaCode\EasyExam)
2023-05-01 11:58:40,525 [main] INFO  [com.lzhphantom.gateway.GatewayApplication] SpringApplication.java:632 - No active profile set, falling back to 1 default profile: "default"
2023-05-01 11:58:40,612 [main] INFO  [c.a.cloud.nacos.configdata.NacosConfigDataLoader] DeferredLog.java:250 - [Nacos Config] Load config[dataId=lzhphantom-gateway-dev.yml, group=DEFAULT_GROUP] success
2023-05-01 11:58:40,613 [main] INFO  [c.a.cloud.nacos.configdata.NacosConfigDataLoader] DeferredLog.java:250 - [Nacos Config] Load config[dataId=lzhphantom-application-dev.yml, group=DEFAULT_GROUP] success
2023-05-01 11:58:44,081 [main] INFO  [o.s.d.r.config.RepositoryConfigurationDelegate] RepositoryConfigurationDelegate.java:291 - Multiple Spring Data modules found, entering strict repository configuration mode
2023-05-01 11:58:44,087 [main] INFO  [o.s.d.r.config.RepositoryConfigurationDelegate] RepositoryConfigurationDelegate.java:138 - Bootstrapping Spring Data Redis repositories in DEFAULT mode.
2023-05-01 11:58:44,157 [main] INFO  [o.s.d.r.config.RepositoryConfigurationDelegate] RepositoryConfigurationDelegate.java:208 - Finished Spring Data repository scanning in 28 ms. Found 0 Redis repository interfaces.
2023-05-01 11:58:44,614 [main] INFO  [o.springframework.cloud.context.scope.GenericScope] GenericScope.java:282 - BeanFactory id=f7aa44f2-58b9-33ff-a8ce-3b92245a270b
2023-05-01 11:58:44,753 [main] INFO  [c.u.j.c.EnableEncryptablePropertiesBeanFactoryPostProcessor] EnableEncryptablePropertiesBeanFactoryPostProcessor.java:44 - Post-processing PropertySource instances
2023-05-01 11:58:44,755 [main] INFO  [c.u.j.EncryptablePropertySourceConverter] EncryptablePropertySourceConverter.java:105 - Skipping PropertySource configurationProperties [class org.springframework.boot.context.properties.source.ConfigurationPropertySourcesPropertySource
2023-05-01 11:58:44,760 [main] INFO  [c.u.j.EncryptablePropertySourceConverter] EncryptablePropertySourceConverter.java:110 - Converting PropertySource gateway-properties [org.springframework.core.env.MapPropertySource] to EncryptableMapPropertySourceWrapper
2023-05-01 11:58:44,761 [main] INFO  [c.u.j.EncryptablePropertySourceConverter] EncryptablePropertySourceConverter.java:110 - Converting PropertySource systemProperties [org.springframework.core.env.PropertiesPropertySource] to EncryptableMapPropertySourceWrapper
2023-05-01 11:58:44,764 [main] INFO  [c.u.j.EncryptablePropertySourceConverter] EncryptablePropertySourceConverter.java:110 - Converting PropertySource systemEnvironment [org.springframework.boot.env.SystemEnvironmentPropertySourceEnvironmentPostProcessor$OriginAwareSystemEnvironmentPropertySource] to EncryptableSystemEnvironmentPropertySourceWrapper
2023-05-01 11:58:44,766 [main] INFO  [c.u.j.EncryptablePropertySourceConverter] EncryptablePropertySourceConverter.java:110 - Converting PropertySource random [org.springframework.boot.env.RandomValuePropertySource] to EncryptablePropertySourceWrapper
2023-05-01 11:58:44,767 [main] INFO  [c.u.j.EncryptablePropertySourceConverter] EncryptablePropertySourceConverter.java:110 - Converting PropertySource cachedrandom [org.springframework.cloud.util.random.CachedRandomPropertySource] to EncryptablePropertySourceWrapper
2023-05-01 11:58:44,767 [main] INFO  [c.u.j.EncryptablePropertySourceConverter] EncryptablePropertySourceConverter.java:110 - Converting PropertySource springCloudClientHostInfo [org.springframework.core.env.MapPropertySource] to EncryptableMapPropertySourceWrapper
2023-05-01 11:58:44,768 [main] INFO  [c.u.j.EncryptablePropertySourceConverter] EncryptablePropertySourceConverter.java:110 - Converting PropertySource DEFAULT_GROUP@lzhphantom-gateway-dev.yml [org.springframework.boot.env.OriginTrackedMapPropertySource] to EncryptableMapPropertySourceWrapper
2023-05-01 11:58:44,769 [main] INFO  [c.u.j.EncryptablePropertySourceConverter] EncryptablePropertySourceConverter.java:110 - Converting PropertySource DEFAULT_GROUP@lzhphantom-application-dev.yml [org.springframework.boot.env.OriginTrackedMapPropertySource] to EncryptableMapPropertySourceWrapper
2023-05-01 11:58:44,769 [main] INFO  [c.u.j.EncryptablePropertySourceConverter] EncryptablePropertySourceConverter.java:110 - Converting PropertySource Config resource 'class path resource [application.yml]' via location 'optional:classpath:/' [org.springframework.boot.env.OriginTrackedMapPropertySource] to EncryptableMapPropertySourceWrapper
2023-05-01 11:58:44,923 [main] INFO  [o.s.c.s.PostProcessorRegistrationDelegate$BeanPostProcessorChecker] PostProcessorRegistrationDelegate.java:409 - Bean 'org.springframework.cloud.client.loadbalancer.reactive.LoadBalancerBeanPostProcessorAutoConfiguration' of type [org.springframework.cloud.client.loadbalancer.reactive.LoadBalancerBeanPostProcessorAutoConfiguration] is not eligible for getting processed by all BeanPostProcessors (for example: not eligible for auto-proxying)
2023-05-01 11:58:44,927 [main] INFO  [o.s.c.s.PostProcessorRegistrationDelegate$BeanPostProcessorChecker] PostProcessorRegistrationDelegate.java:409 - Bean 'org.springframework.cloud.client.loadbalancer.reactive.LoadBalancerBeanPostProcessorAutoConfiguration$ReactorDeferringLoadBalancerFilterConfig' of type [org.springframework.cloud.client.loadbalancer.reactive.LoadBalancerBeanPostProcessorAutoConfiguration$ReactorDeferringLoadBalancerFilterConfig] is not eligible for getting processed by all BeanPostProcessors (for example: not eligible for auto-proxying)
2023-05-01 11:58:44,932 [main] INFO  [o.s.c.s.PostProcessorRegistrationDelegate$BeanPostProcessorChecker] PostProcessorRegistrationDelegate.java:409 - Bean 'reactorDeferringLoadBalancerExchangeFilterFunction' of type [org.springframework.cloud.client.loadbalancer.reactive.DeferringLoadBalancerExchangeFilterFunction] is not eligible for getting processed by all BeanPostProcessors (for example: not eligible for auto-proxying)
2023-05-01 11:58:45,957 [main] INFO  [c.u.j.filter.DefaultLazyPropertyFilter] DefaultLazyPropertyFilter.java:45 - Property Filter custom Bean not found with name 'encryptablePropertyFilter'. Initializing Default Property Filter
2023-05-01 11:58:45,987 [main] INFO  [c.u.j.resolver.DefaultLazyPropertyResolver] DefaultLazyPropertyResolver.java:46 - Property Resolver custom Bean not found with name 'encryptablePropertyResolver'. Initializing Default Property Resolver
2023-05-01 11:58:45,990 [main] INFO  [c.u.j.detector.DefaultLazyPropertyDetector] DefaultLazyPropertyDetector.java:44 - Property Detector custom Bean not found with name 'encryptablePropertyDetector'. Initializing Default Property Detector
2023-05-01 11:58:47,460 [main] INFO  [o.s.c.gateway.route.RouteDefinitionRouteLocator] RouteDefinitionRouteLocator.java:89 - Loaded RoutePredicateFactory [After]
2023-05-01 11:58:47,461 [main] INFO  [o.s.c.gateway.route.RouteDefinitionRouteLocator] RouteDefinitionRouteLocator.java:89 - Loaded RoutePredicateFactory [Before]
2023-05-01 11:58:47,462 [main] INFO  [o.s.c.gateway.route.RouteDefinitionRouteLocator] RouteDefinitionRouteLocator.java:89 - Loaded RoutePredicateFactory [Between]
2023-05-01 11:58:47,463 [main] INFO  [o.s.c.gateway.route.RouteDefinitionRouteLocator] RouteDefinitionRouteLocator.java:89 - Loaded RoutePredicateFactory [Cookie]
2023-05-01 11:58:47,463 [main] INFO  [o.s.c.gateway.route.RouteDefinitionRouteLocator] RouteDefinitionRouteLocator.java:89 - Loaded RoutePredicateFactory [Header]
2023-05-01 11:58:47,464 [main] INFO  [o.s.c.gateway.route.RouteDefinitionRouteLocator] RouteDefinitionRouteLocator.java:89 - Loaded RoutePredicateFactory [Host]
2023-05-01 11:58:47,465 [main] INFO  [o.s.c.gateway.route.RouteDefinitionRouteLocator] RouteDefinitionRouteLocator.java:89 - Loaded RoutePredicateFactory [Method]
2023-05-01 11:58:47,466 [main] INFO  [o.s.c.gateway.route.RouteDefinitionRouteLocator] RouteDefinitionRouteLocator.java:89 - Loaded RoutePredicateFactory [Path]
2023-05-01 11:58:47,467 [main] INFO  [o.s.c.gateway.route.RouteDefinitionRouteLocator] RouteDefinitionRouteLocator.java:89 - Loaded RoutePredicateFactory [Query]
2023-05-01 11:58:47,468 [main] INFO  [o.s.c.gateway.route.RouteDefinitionRouteLocator] RouteDefinitionRouteLocator.java:89 - Loaded RoutePredicateFactory [ReadBody]
2023-05-01 11:58:47,469 [main] INFO  [o.s.c.gateway.route.RouteDefinitionRouteLocator] RouteDefinitionRouteLocator.java:89 - Loaded RoutePredicateFactory [RemoteAddr]
2023-05-01 11:58:47,470 [main] INFO  [o.s.c.gateway.route.RouteDefinitionRouteLocator] RouteDefinitionRouteLocator.java:89 - Loaded RoutePredicateFactory [XForwardedRemoteAddr]
2023-05-01 11:58:47,472 [main] INFO  [o.s.c.gateway.route.RouteDefinitionRouteLocator] RouteDefinitionRouteLocator.java:89 - Loaded RoutePredicateFactory [Weight]
2023-05-01 11:58:47,473 [main] INFO  [o.s.c.gateway.route.RouteDefinitionRouteLocator] RouteDefinitionRouteLocator.java:89 - Loaded RoutePredicateFactory [CloudFoundryRouteService]
2023-05-01 11:58:49,434 [main] INFO  [o.s.b.actuate.endpoint.web.EndpointLinksResolver] EndpointLinksResolver.java:58 - Exposing 18 endpoint(s) beneath base path '/actuator'
2023-05-01 11:58:50,283 [main] WARN  [o.s.c.l.c.LoadBalancerCacheAutoConfiguration$LoadBalancerCaffeineWarnLogger] LoadBalancerCacheAutoConfiguration.java:94 - Spring Cloud LoadBalancer is currently working with the default cache. While this cache implementation is useful for development and tests, it's recommended to use Caffeine cache in production.You can switch to using Caffeine cache, by adding it and org.springframework.cache.caffeine.CaffeineCacheManager to the classpath.
2023-05-01 11:58:50,648 [main] INFO  [o.s.boot.web.embedded.netty.NettyWebServer] NettyWebServer.java:111 - Netty started on port 9999
2023-05-01 11:58:51,346 [main] INFO  [c.a.cloud.nacos.registry.NacosServiceRegistry] NacosServiceRegistry.java:76 - nacos registry, DEFAULT_GROUP lzhphantom-gateway 192.168.0.105:9999 register finished
2023-05-01 11:58:51,550 [main] INFO  [com.lzhphantom.gateway.GatewayApplication] StartupInfoLogger.java:57 - Started GatewayApplication in 15.259 seconds (process running for 17.195)
2023-05-01 11:58:51,584 [main] INFO  [c.a.cloud.nacos.refresh.NacosContextRefresher] NacosContextRefresher.java:129 - [Nacos Config] Listening config: dataId=lzhphantom-application-dev.yml, group=DEFAULT_GROUP
2023-05-01 11:58:51,624 [main] INFO  [c.a.cloud.nacos.refresh.NacosContextRefresher] NacosContextRefresher.java:129 - [Nacos Config] Listening config: dataId=lzhphantom-gateway-dev.yml, group=DEFAULT_GROUP
2023-05-01 12:15:41,129 [nacos.client.cachedata.internal.notifier] INFO  [c.a.cloud.nacos.configdata.NacosConfigDataLoader] NacosConfigDataLoader.java:150 - [Nacos Config] Load config[dataId=lzhphantom-gateway-dev.yml, group=DEFAULT_GROUP] success
2023-05-01 12:15:41,200 [nacos.client.cachedata.internal.notifier] INFO  [c.a.cloud.nacos.configdata.NacosConfigDataLoader] NacosConfigDataLoader.java:150 - [Nacos Config] Load config[dataId=lzhphantom-application-dev.yml, group=DEFAULT_GROUP] success
2023-05-01 12:15:41,253 [nacos.client.cachedata.internal.notifier] INFO  [c.u.j.caching.RefreshScopeRefreshedEventListener] RefreshScopeRefreshedEventListener.java:70 - Refreshing cached encryptable property sources on EnvironmentChangeEvent
2023-05-01 12:15:41,263 [nacos.client.cachedata.internal.notifier] INFO  [c.u.j.c.CachingDelegateEncryptablePropertySource] CachingDelegateEncryptablePropertySource.java:92 - Property Source systemProperties refreshed
2023-05-01 12:15:41,266 [nacos.client.cachedata.internal.notifier] INFO  [c.u.j.c.CachingDelegateEncryptablePropertySource] CachingDelegateEncryptablePropertySource.java:92 - Property Source systemEnvironment refreshed
2023-05-01 12:15:41,267 [nacos.client.cachedata.internal.notifier] INFO  [c.u.j.EncryptablePropertySourceConverter] EncryptablePropertySourceConverter.java:110 - Converting PropertySource server.ports [org.springframework.core.env.MapPropertySource] to EncryptableMapPropertySourceWrapper
2023-05-01 12:15:41,269 [nacos.client.cachedata.internal.notifier] INFO  [c.u.j.EncryptablePropertySourceConverter] EncryptablePropertySourceConverter.java:105 - Skipping PropertySource configurationProperties [class org.springframework.boot.context.properties.source.ConfigurationPropertySourcesPropertySource
2023-05-01 12:15:41,269 [nacos.client.cachedata.internal.notifier] INFO  [c.u.j.EncryptablePropertySourceConverter] EncryptablePropertySourceConverter.java:110 - Converting PropertySource gateway-properties [org.springframework.core.env.MapPropertySource] to EncryptableMapPropertySourceWrapper
2023-05-01 12:15:41,270 [nacos.client.cachedata.internal.notifier] INFO  [c.u.j.EncryptablePropertySourceConverter] EncryptablePropertySourceConverter.java:110 - Converting PropertySource random [org.springframework.boot.env.RandomValuePropertySource] to EncryptablePropertySourceWrapper
2023-05-01 12:15:41,270 [nacos.client.cachedata.internal.notifier] INFO  [c.u.j.EncryptablePropertySourceConverter] EncryptablePropertySourceConverter.java:110 - Converting PropertySource cachedrandom [org.springframework.cloud.util.random.CachedRandomPropertySource] to EncryptablePropertySourceWrapper
2023-05-01 12:15:41,271 [nacos.client.cachedata.internal.notifier] INFO  [c.u.j.EncryptablePropertySourceConverter] EncryptablePropertySourceConverter.java:110 - Converting PropertySource springCloudClientHostInfo [org.springframework.core.env.MapPropertySource] to EncryptableMapPropertySourceWrapper
2023-05-01 12:15:41,272 [nacos.client.cachedata.internal.notifier] INFO  [c.u.j.EncryptablePropertySourceConverter] EncryptablePropertySourceConverter.java:110 - Converting PropertySource DEFAULT_GROUP@lzhphantom-gateway-dev.yml [org.springframework.boot.env.OriginTrackedMapPropertySource] to EncryptableMapPropertySourceWrapper
2023-05-01 12:15:41,272 [nacos.client.cachedata.internal.notifier] INFO  [c.u.j.EncryptablePropertySourceConverter] EncryptablePropertySourceConverter.java:110 - Converting PropertySource DEFAULT_GROUP@lzhphantom-application-dev.yml [org.springframework.boot.env.OriginTrackedMapPropertySource] to EncryptableMapPropertySourceWrapper
2023-05-01 12:15:41,273 [nacos.client.cachedata.internal.notifier] INFO  [c.u.j.EncryptablePropertySourceConverter] EncryptablePropertySourceConverter.java:110 - Converting PropertySource Config resource 'class path resource [application.yml]' via location 'optional:classpath:/' [org.springframework.boot.env.OriginTrackedMapPropertySource] to EncryptableMapPropertySourceWrapper
2023-05-01 12:15:41,274 [nacos.client.cachedata.internal.notifier] INFO  [c.u.j.EncryptablePropertySourceConverter] EncryptablePropertySourceConverter.java:110 - Converting PropertySource Management Server [org.springframework.boot.actuate.autoconfigure.web.server.ManagementContextAutoConfiguration$SameManagementContextConfiguration$1] to EncryptablePropertySourceWrapper
2023-05-01 12:15:42,401 [nacos.client.cachedata.internal.notifier] INFO  [c.u.j.caching.RefreshScopeRefreshedEventListener] RefreshScopeRefreshedEventListener.java:70 - Refreshing cached encryptable property sources on RefreshScopeRefreshedEvent
2023-05-01 12:15:42,402 [nacos.client.cachedata.internal.notifier] INFO  [c.u.j.c.CachingDelegateEncryptablePropertySource] CachingDelegateEncryptablePropertySource.java:92 - Property Source server.ports refreshed
2023-05-01 12:15:42,403 [nacos.client.cachedata.internal.notifier] INFO  [c.u.j.c.CachingDelegateEncryptablePropertySource] CachingDelegateEncryptablePropertySource.java:92 - Property Source gateway-properties refreshed
2023-05-01 12:15:42,404 [nacos.client.cachedata.internal.notifier] INFO  [c.u.j.c.CachingDelegateEncryptablePropertySource] CachingDelegateEncryptablePropertySource.java:92 - Property Source systemProperties refreshed
2023-05-01 12:15:42,404 [nacos.client.cachedata.internal.notifier] INFO  [c.u.j.c.CachingDelegateEncryptablePropertySource] CachingDelegateEncryptablePropertySource.java:92 - Property Source systemEnvironment refreshed
2023-05-01 12:15:42,404 [nacos.client.cachedata.internal.notifier] INFO  [c.u.j.c.CachingDelegateEncryptablePropertySource] CachingDelegateEncryptablePropertySource.java:92 - Property Source random refreshed
2023-05-01 12:15:42,405 [nacos.client.cachedata.internal.notifier] INFO  [c.u.j.c.CachingDelegateEncryptablePropertySource] CachingDelegateEncryptablePropertySource.java:92 - Property Source cachedrandom refreshed
2023-05-01 12:15:42,406 [nacos.client.cachedata.internal.notifier] INFO  [c.u.j.c.CachingDelegateEncryptablePropertySource] CachingDelegateEncryptablePropertySource.java:92 - Property Source springCloudClientHostInfo refreshed
2023-05-01 12:15:42,406 [nacos.client.cachedata.internal.notifier] INFO  [c.u.j.c.CachingDelegateEncryptablePropertySource] CachingDelegateEncryptablePropertySource.java:92 - Property Source DEFAULT_GROUP@lzhphantom-gateway-dev.yml refreshed
2023-05-01 12:15:42,406 [nacos.client.cachedata.internal.notifier] INFO  [c.u.j.c.CachingDelegateEncryptablePropertySource] CachingDelegateEncryptablePropertySource.java:92 - Property Source DEFAULT_GROUP@lzhphantom-application-dev.yml refreshed
2023-05-01 12:15:42,406 [nacos.client.cachedata.internal.notifier] INFO  [c.u.j.c.CachingDelegateEncryptablePropertySource] CachingDelegateEncryptablePropertySource.java:92 - Property Source Config resource 'class path resource [application.yml]' via location 'optional:classpath:/' refreshed
2023-05-01 12:15:42,407 [nacos.client.cachedata.internal.notifier] INFO  [c.u.j.c.CachingDelegateEncryptablePropertySource] CachingDelegateEncryptablePropertySource.java:92 - Property Source Management Server refreshed
2023-05-01 12:15:42,407 [nacos.client.cachedata.internal.notifier] INFO  [c.u.j.EncryptablePropertySourceConverter] EncryptablePropertySourceConverter.java:105 - Skipping PropertySource configurationProperties [class org.springframework.boot.context.properties.source.ConfigurationPropertySourcesPropertySource
2023-05-01 12:15:42,499 [nacos.client.cachedata.internal.notifier] INFO  [o.s.cloud.endpoint.event.RefreshEventListener] RefreshEventListener.java:73 - Refresh keys changed: [mybatis-plus.global-config.db-config.table-prefix]
2023-05-01 15:35:21,021 [SpringApplicationShutdownHook] INFO  [c.a.cloud.nacos.registry.NacosServiceRegistry] NacosServiceRegistry.java:95 - De-registering from Nacos Server now...
2023-05-01 15:35:21,679 [SpringApplicationShutdownHook] INFO  [c.a.cloud.nacos.registry.NacosServiceRegistry] NacosServiceRegistry.java:115 - De-registration finished.
2023-05-01 15:38:47,992 [background-preinit] INFO  [org.hibernate.validator.internal.util.Version] Version.java:21 - HV000001: Hibernate Validator 8.0.0.Final
2023-05-01 15:38:48,049 [main] INFO  [com.lzhphantom.gateway.GatewayApplication] StartupInfoLogger.java:51 - Starting GatewayApplication using Java 18 with PID 3972 (D:\javaCode\EasyExam\lzhphantom-gateway\gateway\target\classes started by luozh in D:\javaCode\EasyExam)
2023-05-01 15:38:48,050 [main] INFO  [com.lzhphantom.gateway.GatewayApplication] SpringApplication.java:632 - No active profile set, falling back to 1 default profile: "default"
2023-05-01 15:38:48,109 [main] INFO  [c.a.cloud.nacos.configdata.NacosConfigDataLoader] DeferredLog.java:250 - [Nacos Config] Load config[dataId=lzhphantom-gateway-dev.yml, group=DEFAULT_GROUP] success
2023-05-01 15:38:48,109 [main] INFO  [c.a.cloud.nacos.configdata.NacosConfigDataLoader] DeferredLog.java:250 - [Nacos Config] Load config[dataId=lzhphantom-application-dev.yml, group=DEFAULT_GROUP] success
2023-05-01 15:38:49,695 [main] INFO  [o.s.d.r.config.RepositoryConfigurationDelegate] RepositoryConfigurationDelegate.java:291 - Multiple Spring Data modules found, entering strict repository configuration mode
2023-05-01 15:38:49,697 [main] INFO  [o.s.d.r.config.RepositoryConfigurationDelegate] RepositoryConfigurationDelegate.java:138 - Bootstrapping Spring Data Redis repositories in DEFAULT mode.
2023-05-01 15:38:49,743 [main] INFO  [o.s.d.r.config.RepositoryConfigurationDelegate] RepositoryConfigurationDelegate.java:208 - Finished Spring Data repository scanning in 23 ms. Found 0 Redis repository interfaces.
2023-05-01 15:38:50,068 [main] INFO  [o.springframework.cloud.context.scope.GenericScope] GenericScope.java:282 - BeanFactory id=f7aa44f2-58b9-33ff-a8ce-3b92245a270b
2023-05-01 15:38:50,118 [main] INFO  [c.u.j.c.EnableEncryptablePropertiesBeanFactoryPostProcessor] EnableEncryptablePropertiesBeanFactoryPostProcessor.java:44 - Post-processing PropertySource instances
2023-05-01 15:38:50,119 [main] INFO  [c.u.j.EncryptablePropertySourceConverter] EncryptablePropertySourceConverter.java:105 - Skipping PropertySource configurationProperties [class org.springframework.boot.context.properties.source.ConfigurationPropertySourcesPropertySource
2023-05-01 15:38:50,121 [main] INFO  [c.u.j.EncryptablePropertySourceConverter] EncryptablePropertySourceConverter.java:110 - Converting PropertySource gateway-properties [org.springframework.core.env.MapPropertySource] to EncryptableMapPropertySourceWrapper
2023-05-01 15:38:50,121 [main] INFO  [c.u.j.EncryptablePropertySourceConverter] EncryptablePropertySourceConverter.java:110 - Converting PropertySource systemProperties [org.springframework.core.env.PropertiesPropertySource] to EncryptableMapPropertySourceWrapper
2023-05-01 15:38:50,122 [main] INFO  [c.u.j.EncryptablePropertySourceConverter] EncryptablePropertySourceConverter.java:110 - Converting PropertySource systemEnvironment [org.springframework.boot.env.SystemEnvironmentPropertySourceEnvironmentPostProcessor$OriginAwareSystemEnvironmentPropertySource] to EncryptableSystemEnvironmentPropertySourceWrapper
2023-05-01 15:38:50,123 [main] INFO  [c.u.j.EncryptablePropertySourceConverter] EncryptablePropertySourceConverter.java:110 - Converting PropertySource random [org.springframework.boot.env.RandomValuePropertySource] to EncryptablePropertySourceWrapper
2023-05-01 15:38:50,123 [main] INFO  [c.u.j.EncryptablePropertySourceConverter] EncryptablePropertySourceConverter.java:110 - Converting PropertySource cachedrandom [org.springframework.cloud.util.random.CachedRandomPropertySource] to EncryptablePropertySourceWrapper
2023-05-01 15:38:50,124 [main] INFO  [c.u.j.EncryptablePropertySourceConverter] EncryptablePropertySourceConverter.java:110 - Converting PropertySource springCloudClientHostInfo [org.springframework.core.env.MapPropertySource] to EncryptableMapPropertySourceWrapper
2023-05-01 15:38:50,125 [main] INFO  [c.u.j.EncryptablePropertySourceConverter] EncryptablePropertySourceConverter.java:110 - Converting PropertySource DEFAULT_GROUP@lzhphantom-gateway-dev.yml [org.springframework.boot.env.OriginTrackedMapPropertySource] to EncryptableMapPropertySourceWrapper
2023-05-01 15:38:50,125 [main] INFO  [c.u.j.EncryptablePropertySourceConverter] EncryptablePropertySourceConverter.java:110 - Converting PropertySource DEFAULT_GROUP@lzhphantom-application-dev.yml [org.springframework.boot.env.OriginTrackedMapPropertySource] to EncryptableMapPropertySourceWrapper
2023-05-01 15:38:50,125 [main] INFO  [c.u.j.EncryptablePropertySourceConverter] EncryptablePropertySourceConverter.java:110 - Converting PropertySource Config resource 'class path resource [application.yml]' via location 'optional:classpath:/' [org.springframework.boot.env.OriginTrackedMapPropertySource] to EncryptableMapPropertySourceWrapper
2023-05-01 15:38:50,204 [main] INFO  [o.s.c.s.PostProcessorRegistrationDelegate$BeanPostProcessorChecker] PostProcessorRegistrationDelegate.java:409 - Bean 'org.springframework.cloud.client.loadbalancer.reactive.LoadBalancerBeanPostProcessorAutoConfiguration' of type [org.springframework.cloud.client.loadbalancer.reactive.LoadBalancerBeanPostProcessorAutoConfiguration] is not eligible for getting processed by all BeanPostProcessors (for example: not eligible for auto-proxying)
2023-05-01 15:38:50,206 [main] INFO  [o.s.c.s.PostProcessorRegistrationDelegate$BeanPostProcessorChecker] PostProcessorRegistrationDelegate.java:409 - Bean 'org.springframework.cloud.client.loadbalancer.reactive.LoadBalancerBeanPostProcessorAutoConfiguration$ReactorDeferringLoadBalancerFilterConfig' of type [org.springframework.cloud.client.loadbalancer.reactive.LoadBalancerBeanPostProcessorAutoConfiguration$ReactorDeferringLoadBalancerFilterConfig] is not eligible for getting processed by all BeanPostProcessors (for example: not eligible for auto-proxying)
2023-05-01 15:38:50,208 [main] INFO  [o.s.c.s.PostProcessorRegistrationDelegate$BeanPostProcessorChecker] PostProcessorRegistrationDelegate.java:409 - Bean 'reactorDeferringLoadBalancerExchangeFilterFunction' of type [org.springframework.cloud.client.loadbalancer.reactive.DeferringLoadBalancerExchangeFilterFunction] is not eligible for getting processed by all BeanPostProcessors (for example: not eligible for auto-proxying)
2023-05-01 15:38:50,932 [main] INFO  [c.u.j.filter.DefaultLazyPropertyFilter] DefaultLazyPropertyFilter.java:45 - Property Filter custom Bean not found with name 'encryptablePropertyFilter'. Initializing Default Property Filter
2023-05-01 15:38:50,954 [main] INFO  [c.u.j.resolver.DefaultLazyPropertyResolver] DefaultLazyPropertyResolver.java:46 - Property Resolver custom Bean not found with name 'encryptablePropertyResolver'. Initializing Default Property Resolver
2023-05-01 15:38:50,957 [main] INFO  [c.u.j.detector.DefaultLazyPropertyDetector] DefaultLazyPropertyDetector.java:44 - Property Detector custom Bean not found with name 'encryptablePropertyDetector'. Initializing Default Property Detector
2023-05-01 15:38:51,952 [main] INFO  [o.s.c.gateway.route.RouteDefinitionRouteLocator] RouteDefinitionRouteLocator.java:89 - Loaded RoutePredicateFactory [After]
2023-05-01 15:38:51,952 [main] INFO  [o.s.c.gateway.route.RouteDefinitionRouteLocator] RouteDefinitionRouteLocator.java:89 - Loaded RoutePredicateFactory [Before]
2023-05-01 15:38:51,953 [main] INFO  [o.s.c.gateway.route.RouteDefinitionRouteLocator] RouteDefinitionRouteLocator.java:89 - Loaded RoutePredicateFactory [Between]
2023-05-01 15:38:51,953 [main] INFO  [o.s.c.gateway.route.RouteDefinitionRouteLocator] RouteDefinitionRouteLocator.java:89 - Loaded RoutePredicateFactory [Cookie]
2023-05-01 15:38:51,953 [main] INFO  [o.s.c.gateway.route.RouteDefinitionRouteLocator] RouteDefinitionRouteLocator.java:89 - Loaded RoutePredicateFactory [Header]
2023-05-01 15:38:51,953 [main] INFO  [o.s.c.gateway.route.RouteDefinitionRouteLocator] RouteDefinitionRouteLocator.java:89 - Loaded RoutePredicateFactory [Host]
2023-05-01 15:38:51,954 [main] INFO  [o.s.c.gateway.route.RouteDefinitionRouteLocator] RouteDefinitionRouteLocator.java:89 - Loaded RoutePredicateFactory [Method]
2023-05-01 15:38:51,954 [main] INFO  [o.s.c.gateway.route.RouteDefinitionRouteLocator] RouteDefinitionRouteLocator.java:89 - Loaded RoutePredicateFactory [Path]
2023-05-01 15:38:51,954 [main] INFO  [o.s.c.gateway.route.RouteDefinitionRouteLocator] RouteDefinitionRouteLocator.java:89 - Loaded RoutePredicateFactory [Query]
2023-05-01 15:38:51,954 [main] INFO  [o.s.c.gateway.route.RouteDefinitionRouteLocator] RouteDefinitionRouteLocator.java:89 - Loaded RoutePredicateFactory [ReadBody]
2023-05-01 15:38:51,954 [main] INFO  [o.s.c.gateway.route.RouteDefinitionRouteLocator] RouteDefinitionRouteLocator.java:89 - Loaded RoutePredicateFactory [RemoteAddr]
2023-05-01 15:38:51,954 [main] INFO  [o.s.c.gateway.route.RouteDefinitionRouteLocator] RouteDefinitionRouteLocator.java:89 - Loaded RoutePredicateFactory [XForwardedRemoteAddr]
2023-05-01 15:38:51,955 [main] INFO  [o.s.c.gateway.route.RouteDefinitionRouteLocator] RouteDefinitionRouteLocator.java:89 - Loaded RoutePredicateFactory [Weight]
2023-05-01 15:38:51,955 [main] INFO  [o.s.c.gateway.route.RouteDefinitionRouteLocator] RouteDefinitionRouteLocator.java:89 - Loaded RoutePredicateFactory [CloudFoundryRouteService]
2023-05-01 15:38:53,104 [main] INFO  [o.s.b.actuate.endpoint.web.EndpointLinksResolver] EndpointLinksResolver.java:58 - Exposing 18 endpoint(s) beneath base path '/actuator'
2023-05-01 15:38:53,602 [main] WARN  [o.s.c.l.c.LoadBalancerCacheAutoConfiguration$LoadBalancerCaffeineWarnLogger] LoadBalancerCacheAutoConfiguration.java:94 - Spring Cloud LoadBalancer is currently working with the default cache. While this cache implementation is useful for development and tests, it's recommended to use Caffeine cache in production.You can switch to using Caffeine cache, by adding it and org.springframework.cache.caffeine.CaffeineCacheManager to the classpath.
2023-05-01 15:38:53,838 [main] INFO  [o.s.boot.web.embedded.netty.NettyWebServer] NettyWebServer.java:111 - Netty started on port 9999
2023-05-01 15:38:54,345 [main] INFO  [c.a.cloud.nacos.registry.NacosServiceRegistry] NacosServiceRegistry.java:76 - nacos registry, DEFAULT_GROUP lzhphantom-gateway 192.168.0.105:9999 register finished
2023-05-01 15:38:54,464 [main] INFO  [com.lzhphantom.gateway.GatewayApplication] StartupInfoLogger.java:57 - Started GatewayApplication in 9.249 seconds (process running for 11.414)
2023-05-01 15:38:54,485 [main] INFO  [c.a.cloud.nacos.refresh.NacosContextRefresher] NacosContextRefresher.java:129 - [Nacos Config] Listening config: dataId=lzhphantom-application-dev.yml, group=DEFAULT_GROUP
2023-05-01 15:38:54,488 [main] INFO  [c.a.cloud.nacos.refresh.NacosContextRefresher] NacosContextRefresher.java:129 - [Nacos Config] Listening config: dataId=lzhphantom-gateway-dev.yml, group=DEFAULT_GROUP
